<?xml version="1.0" encoding="UTF-8"?>
<!-- Generated by org.testng.reporters.JUnitReportReporter -->
<testsuite skipped="0" hostname="DESKTOP-S2ELRE8" name="com.inetbanking.testCases.TC_LoginTest_001" tests="1" failures="0" timestamp="05 Jan 2019 14:30:01 GMT" time="5.610" errors="0">
  <testcase name="LoginTest" time="5.610" classname="com.inetbanking.testCases.TC_LoginTest_001"/>
</testsuite> <!-- com.inetbanking.testCases.TC_LoginTest_001 -->
